Determining if the Q_WS_X11 exist failed with the following output:
Change Dir: /Users/michaelguarino/ShareCameraQt/CMakeFiles/CMakeTmp

Run Build Command:/usr/bin/make "cmTryCompileExec400060074/fast"
/usr/bin/make -f CMakeFiles/cmTryCompileExec400060074.dir/build.make CMakeFiles/cmTryCompileExec400060074.dir/build
"/Applications/CMake 2.8-10.app/Contents/bin/cmake" -E cmake_progress_report /Users/michaelguarino/ShareCameraQt/CMakeFiles/CMakeTmp/CMakeFiles 1
Building CXX object CMakeFiles/cmTryCompileExec400060074.dir/CheckSymbolExists.cxx.o
/usr/bin/c++    -Wno-deprecated -mlong-branch   -F/Library/Frameworks    -o CMakeFiles/cmTryCompileExec400060074.dir/CheckSymbolExists.cxx.o -c /Users/michaelguarino/ShareCameraQt/CMakeFiles/CMakeTmp/CheckSymbolExists.cxx
/Users/michaelguarino/ShareCameraQt/CMakeFiles/CMakeTmp/CheckSymbolExists.cxx: In function ‘int main(int, char**)’:
/Users/michaelguarino/ShareCameraQt/CMakeFiles/CMakeTmp/CheckSymbolExists.cxx:8: error: ‘Q_WS_X11’ was not declared in this scope
make[1]: *** [CMakeFiles/cmTryCompileExec400060074.dir/CheckSymbolExists.cxx.o] Error 1
make: *** [cmTryCompileExec400060074/fast] Error 2

File /Users/michaelguarino/ShareCameraQt/CMakeFiles/CMakeTmp/CheckSymbolExists.cxx:
/* */
#include <QtCore/qglobal.h>

int main(int argc, char** argv)
{
  (void)argv;
#ifndef Q_WS_X11
  return ((int*)(&Q_WS_X11))[argc];
#else
  (void)argc;
  return 0;
#endif
}

Determining if the Q_WS_WIN exist failed with the following output:
Change Dir: /Users/michaelguarino/ShareCameraQt/CMakeFiles/CMakeTmp

Run Build Command:/usr/bin/make "cmTryCompileExec47868192/fast"
/usr/bin/make -f CMakeFiles/cmTryCompileExec47868192.dir/build.make CMakeFiles/cmTryCompileExec47868192.dir/build
"/Applications/CMake 2.8-10.app/Contents/bin/cmake" -E cmake_progress_report /Users/michaelguarino/ShareCameraQt/CMakeFiles/CMakeTmp/CMakeFiles 1
Building CXX object CMakeFiles/cmTryCompileExec47868192.dir/CheckSymbolExists.cxx.o
/usr/bin/c++    -Wno-deprecated -mlong-branch   -F/Library/Frameworks    -o CMakeFiles/cmTryCompileExec47868192.dir/CheckSymbolExists.cxx.o -c /Users/michaelguarino/ShareCameraQt/CMakeFiles/CMakeTmp/CheckSymbolExists.cxx
/Users/michaelguarino/ShareCameraQt/CMakeFiles/CMakeTmp/CheckSymbolExists.cxx: In function ‘int main(int, char**)’:
/Users/michaelguarino/ShareCameraQt/CMakeFiles/CMakeTmp/CheckSymbolExists.cxx:8: error: ‘Q_WS_WIN’ was not declared in this scope
make[1]: *** [CMakeFiles/cmTryCompileExec47868192.dir/CheckSymbolExists.cxx.o] Error 1
make: *** [cmTryCompileExec47868192/fast] Error 2

File /Users/michaelguarino/ShareCameraQt/CMakeFiles/CMakeTmp/CheckSymbolExists.cxx:
/* */
#include <QtCore/qglobal.h>

int main(int argc, char** argv)
{
  (void)argv;
#ifndef Q_WS_WIN
  return ((int*)(&Q_WS_WIN))[argc];
#else
  (void)argc;
  return 0;
#endif
}

Determining if the Q_WS_QWS exist failed with the following output:
Change Dir: /Users/michaelguarino/ShareCameraQt/CMakeFiles/CMakeTmp

Run Build Command:/usr/bin/make "cmTryCompileExec189685706/fast"
/usr/bin/make -f CMakeFiles/cmTryCompileExec189685706.dir/build.make CMakeFiles/cmTryCompileExec189685706.dir/build
"/Applications/CMake 2.8-10.app/Contents/bin/cmake" -E cmake_progress_report /Users/michaelguarino/ShareCameraQt/CMakeFiles/CMakeTmp/CMakeFiles 1
Building CXX object CMakeFiles/cmTryCompileExec189685706.dir/CheckSymbolExists.cxx.o
/usr/bin/c++    -Wno-deprecated -mlong-branch   -F/Library/Frameworks    -o CMakeFiles/cmTryCompileExec189685706.dir/CheckSymbolExists.cxx.o -c /Users/michaelguarino/ShareCameraQt/CMakeFiles/CMakeTmp/CheckSymbolExists.cxx
/Users/michaelguarino/ShareCameraQt/CMakeFiles/CMakeTmp/CheckSymbolExists.cxx: In function ‘int main(int, char**)’:
/Users/michaelguarino/ShareCameraQt/CMakeFiles/CMakeTmp/CheckSymbolExists.cxx:8: error: ‘Q_WS_QWS’ was not declared in this scope
make[1]: *** [CMakeFiles/cmTryCompileExec189685706.dir/CheckSymbolExists.cxx.o] Error 1
make: *** [cmTryCompileExec189685706/fast] Error 2

File /Users/michaelguarino/ShareCameraQt/CMakeFiles/CMakeTmp/CheckSymbolExists.cxx:
/* */
#include <QtCore/qglobal.h>

int main(int argc, char** argv)
{
  (void)argv;
#ifndef Q_WS_QWS
  return ((int*)(&Q_WS_QWS))[argc];
#else
  (void)argc;
  return 0;
#endif
}

